CTF: Running with 1 thread using omp_set_num_threads(1), because OMP_NUM_THREADS is not defined
CTF: Memory size set to 302122547000 by CTF_MEMORY_SIZE environment variable
Assuming 32 processes per node due to CTF_PPN environment variable
CTF: Total amount of memory available to process 0 is 7080997195
printing mapping of dense tensor AILI00
CTF: AILI00 mapped to order 5 topology with dims: 2  2  2  2  2 
CTF: Tensor mapping is AILI00[]
New tensor AILI00' copied from AILI00 of size 1 elms (16 bytes):
CTF: Summation OBNO01[0] <- ETXS01[0]
CTF: Summation OBNO01'[0] <- ETXS01'[0]
Could not fold summation, is_custom = 1, new_sum.can_fold = 1
New tensor OBNO01' copied from OBNO01 of size 4718592 elms (75497472 bytes):
printing lens of dense tensor AILI00':
printing lens of dense tensor OBNO01': 150994944
printing lens of dense tensor AQYJ01: 150994944
CTF: Contraction AQYJ01[0] <- AILI00'[]*OBNO01'[0]
CTF: input scale (1.00000E+00,0.00000E+00)
CTF: output scale (1.00000E+00,0.00000E+00)
printing lens of dense tensor AILI00':
printing lens of dense tensor OBNO01'': 150994944
printing lens of dense tensor AQYJ01': 150994944
CTF: Contraction AQYJ01'[0] <- AILI00'[]*OBNO01''[0]
CTF: input scale (1.00000E+00,0.00000E+00)
CTF: output scale (1.00000E+00,0.00000E+00)
Initial mappings are unsuitable mappings:
printing mapping of dense tensor AILI00'
CTF: AILI00' mapped to order 5 topology with dims: 2  2  2  2  2 
CTF: Tensor mapping is AILI00'[]
printing mapping of dense tensor OBNO01''
CTF: OBNO01'' mapped to order 1 topology with dims: 32 
CTF: Tensor mapping is OBNO01''[p32(0)c0]
printing mapping of dense tensor AQYJ01'
CTF: AQYJ01' mapped to order 1 topology with dims: 32 
CTF: Tensor mapping is AQYJ01'[p32(0)c0]
In map nnz_frac_A is 1.000000E+00, nnz_frac_B is 1.000000E+00, estimated nnz_frac_C is 1.000000E+00
debug:contraction.cxx:2847 debug:contraction.cxx:2847 [SEL] Found new best contraction memuse = 1.509950E+08, est_time = 1.451855E-01
debug:contraction.cxx:2847 [SEL] Found new best contraction memuse = 1.509950E+08, est_time = 1.451855E-01
debug:contraction.cxx:2847 [SEL] Found new best contraction memuse = 2.264924E+08, est_time = 2.985691E-01
debug:contraction.cxx:2847 [SEL] Found new best contraction memuse = 1.509950E+08, est_time = 1.451855E-01
debug:contraction.cxx:2847 [SEL] Found new best contraction memuse = 2.264924E+08, est_time = 2.985691E-01
debug:contraction.cxx:2847 [SEL] Found new best contraction memuse = 2.264924E+08, est_time = 2.985691E-01
debug:contraction.cxx:2847 [SEL] Found new best contraction memuse = 2.264924E+08, est_time = 2.985691E-01
[SEL] Found new best contraction memuse = 1.509950E+08, est_time = 1.451855E-01
Contraction will use 1.509950E+08 bytes per processor out of 6.892254E+09 available memory (already used 1.887437E+08) and take an estimated of 1.451855E-01 sec
CTF: Remapping tensor AILI00' via block_reshuffle to mapping
printing mapping of dense tensor AILI00'
CTF: AILI00' mapped to order 1 topology with dims: 32 
CTF: Tensor mapping is AILI00'[]
CTF: Remapping complete for AILI00'
printing mapping of dense tensor AILI00'
CTF: AILI00' mapped to order 1 topology with dims: 32 
CTF: Tensor mapping is AILI00'[]
printing mapping of dense tensor OBNO01''
CTF: OBNO01'' mapped to order 1 topology with dims: 32 
CTF: Tensor mapping is OBNO01''[p32(0)c0]
printing mapping of dense tensor AQYJ01'
CTF: AQYJ01' mapped to order 1 topology with dims: 32 
CTF: Tensor mapping is AQYJ01'[p32(0)c0]
ctr_replicate: 
cdt_A = 0x27eaac0, size_A = 1, ncdt_A = 1
cdt_A[0] length = 32
cdt_B = (nil), size_B = 4718592, ncdt_B = 0
cdt_C = (nil), size_C = 4718592, ncdt_C = 0
seq_tsr_ctr:
edge_len_B[0]=1
edge_len_C[0]=1
is inner = 1
inner n = 4718592 m= 1 k = 1 l = 1
Starting contraction computation
Finished contraction  computation
Contraction actually used 1.113600E+04 memory
CTF: Performing reshape from shape 150994944 to shape 12 12 2 2 64 64 64 
CTF: Performing split modes
CTF: Summation AQYJ01'[0] <- AQYJ01[0]
CTF: Summation AQYJ01''[0] <- AQYJ01'[0]
CTF: Remapping tensor AQYJ01'' via cyclic_reshuffle to mapping
printing mapping of dense tensor AQYJ01''
CTF: AQYJ01'' mapped to order 1 topology with dims: 32 
CTF: Tensor mapping is AQYJ01''[p32(0)c0]
CTF: Remapping complete for AQYJ01''
debug:summation.cxx:1115 Migrating tensor AQYJ01' back to home
CTF: Remapping tensor AQYJ01' via cyclic_reshuffle to mapping
printing mapping of dense tensor AQYJ01'
CTF: AQYJ01' mapped to order 5 topology with dims: 2  2  2  2  2 
CTF: Tensor mapping is AQYJ01'[1c0]
CTF: Remapping complete for AQYJ01'
CTF: Summation GVZS07[0 1 2 3 4 5 6] <- BIFP07[0 1 2 3 4 5 6]
CTF: Summation GVZS07'[0 1 2 3 4 5 6] <- BIFP07'[0 1 2 3 4 5 6]
CTF: Remapping tensor BIFP07' via cyclic_reshuffle to mapping
printing mapping of dense tensor BIFP07'
CTF: BIFP07' mapped to order 5 topology with dims: 2  2  2  2  2 
CTF: Tensor mapping is BIFP07'[p2(3)c0,p2(4)c0,1c0,1c0,p2(0)c0,p2(1)c0,p2(2)c0]
CTF: Remapping complete for BIFP07'
done (64, 64, 64, 2, 2, 12, 12) 150994944
done (64, 64, 64, 2, 2, 12, 12) 150994944
done (64, 64, 64, 2, 2, 12, 12) 150994944
done (64, 64, 64, 2, 2, 12, 12) 150994944
done (64, 64, 64, 2, 2, 12, 12) 150994944
done (64, 64, 64, 2, 2, 12, 12) 150994944
done (64, 64, 64, 2, 2, 12, 12) 150994944
done (64, 64, 64, 2, 2, 12, 12) 150994944
done (64, 64, 64, 2, 2, 12, 12) 150994944
done (64, 64, 64, 2, 2, 12, 12) 150994944
done (64, 64, 64, 2, 2, 12, 12) 150994944
done (64, 64, 64, 2, 2, 12, 12) 150994944
done (64, 64, 64, 2, 2, 12, 12) 150994944
done (64, 64, 64, 2, 2, 12, 12) 150994944
done (64, 64, 64, 2, 2, 12, 12) 150994944
done (64, 64, 64, 2, 2, 12, 12) 150994944
done (64, 64, 64, 2, 2, 12, 12) 150994944
done (64, 64, 64, 2, 2, 12, 12) 150994944
done (64, 64, 64, 2, 2, 12, 12) 150994944
done (64, 64, 64, 2, 2, 12, 12) 150994944
done (64, 64, 64, 2, 2, 12, 12) 150994944
done (64, 64, 64, 2, 2, 12, 12) 150994944
done (64, 64, 64, 2, 2, 12, 12) 150994944
done (64, 64, 64, 2, 2, 12, 12) 150994944
done (64, 64, 64, 2, 2, 12, 12) 150994944
done (64, 64, 64, 2, 2, 12, 12) 150994944
done (64, 64, 64, 2, 2, 12, 12) 150994944
done (64, 64, 64, 2, 2, 12, 12) 150994944
done (64, 64, 64, 2, 2, 12, 12) 150994944
done (64, 64, 64, 2, 2, 12, 12) 150994944
done (64, 64, 64, 2, 2, 12, 12) 150994944
done (64, 64, 64, 2, 2, 12, 12) 150994944
